<?xml version="1.0" encoding="UTF-8"?>
<testsuite name="ru.netology.delivery.test.DeliveryTest" tests="1" skipped="0" failures="0" errors="0" timestamp="2023-07-18T06:44:15" hostname="olga-Victus-by-HP-Laptop-16-e0xxx" time="2.244">
  <properties/>
  <testcase name="Should successful plan and replan meeting" classname="ru.netology.delivery.test.DeliveryTest" time="2.244"/>
  <system-out><![CDATA[]]></system-out>
  <system-err><![CDATA[SLF4J: No SLF4J providers were found.
SLF4J: Defaulting to no-operation (NOP) logger implementation
SLF4J: See https://www.slf4j.org/codes.html#noProviders for further details.
Starting ChromeDriver 113.0.5672.63 (0e1a4471d5ae5bf128b1bd8f4d627c8cbd55f70c-refs/branch-heads/5672@{#912}) on port 21161
Only local connections are allowed.
Please see https://chromedriver.chromium.org/security-considerations for suggestions on keeping ChromeDriver safe.
ChromeDriver was started successfully.
июл. 18, 2023 9:44:16 AM org.openqa.selenium.devtools.CdpVersionFinder findNearestMatch
WARNING: Unable to find an exact match for CDP version 113, so returning the closest version found: 110
]]></system-err>
</testsuite>
